<?xml version="1.0" encoding="UTF-8"?>
<testng-results skipped="0" failed="1" ignored="0" total="2" passed="1">
  <reporter-output>
  </reporter-output>
  <suite name="New Tours" duration-ms="27870" started-at="2019-11-10T12:23:07Z" finished-at="2019-11-10T12:23:35Z">
    <groups>
    </groups>
    <test name="Booking Tickets" duration-ms="27870" started-at="2019-11-10T12:23:07Z" finished-at="2019-11-10T12:23:35Z">
      <class name="driver.DriverDemo">
        <test-method status="PASS" signature="demoBfr()[pri:0, instance:driver.DriverDemo@4f063c0a]" name="demoBfr" is-config="true" duration-ms="8869" started-at="2019-11-10T12:23:08Z" finished-at="2019-11-10T12:23:16Z">
          <reporter-output>
          </reporter-output>
        </test-method> <!-- demoBfr -->
        <test-method status="PASS" signature="demoTest(java.lang.String, java.lang.String, java.lang.String, java.lang.String, java.lang.String)[pri:0, instance:driver.DriverDemo@4f063c0a]" name="demoTest" duration-ms="7324" started-at="2019-11-10T12:23:16Z" data-provider="dpLogin" finished-at="2019-11-10T12:23:24Z">
          <params>
            <param index="0">
              <value>
                <![CDATA[mercury]]>
              </value>
            </param>
            <param index="1">
              <value>
                <![CDATA[mercury]]>
              </value>
            </param>
            <param index="2">
              <value>
                <![CDATA[Welcome: Mercury Tours]]>
              </value>
            </param>
            <param index="3">
              <value>
                <![CDATA[oneway]]>
              </value>
            </param>
            <param index="4">
              <value>
                <![CDATA[Frankfurt]]>
              </value>
            </param>
          </params>
          <reporter-output>
          </reporter-output>
        </test-method> <!-- demoTest -->
        <test-method status="PASS" signature="demoAft()[pri:0, instance:driver.DriverDemo@4f063c0a]" name="demoAft" is-config="true" duration-ms="138" started-at="2019-11-10T12:23:24Z" finished-at="2019-11-10T12:23:24Z">
          <reporter-output>
          </reporter-output>
        </test-method> <!-- demoAft -->
        <test-method status="PASS" signature="demoBfr()[pri:0, instance:driver.DriverDemo@4f063c0a]" name="demoBfr" is-config="true" duration-ms="8367" started-at="2019-11-10T12:23:24Z" finished-at="2019-11-10T12:23:32Z">
          <reporter-output>
          </reporter-output>
        </test-method> <!-- demoBfr -->
        <test-method status="FAIL" signature="demoTest(java.lang.String, java.lang.String, java.lang.String, java.lang.String, java.lang.String)[pri:0, instance:driver.DriverDemo@4f063c0a]" name="demoTest" duration-ms="2672" started-at="2019-11-10T12:23:32Z" data-provider="dpLogin" finished-at="2019-11-10T12:23:35Z">
          <params>
            <param index="0">
              <value>
                <![CDATA[mgr123]]>
              </value>
            </param>
            <param index="1">
              <value>
                <![CDATA[mercuryone]]>
              </value>
            </param>
            <param index="2">
              <value>
                <![CDATA[Welcome: Mercury Tours]]>
              </value>
            </param>
            <param index="3">
              <value>
                <![CDATA[oneway]]>
              </value>
            </param>
            <param index="4">
              <value>
                <![CDATA[Frankfurt]]>
              </value>
            </param>
          </params>
          <exception class="java.lang.AssertionError">
            <message>
              <![CDATA[Trip Type radio option- Object is not found]]>
            </message>
            <full-stacktrace>
              <![CDATA[java.lang.AssertionError: Trip Type radio option- Object is not found
at org.testng.Assert.fail(Assert.java:96)
at library.ValidationScripts.radSelection(ValidationScripts.java:75)
at driver.DriverDemo.demoTest(DriverDemo.java:46)
at sun.reflect.NativeMethodAccessorImpl.invoke0(Native Method)
at sun.reflect.NativeMethodAccessorImpl.invoke(Unknown Source)
at sun.reflect.DelegatingMethodAccessorImpl.invoke(Unknown Source)
at java.lang.reflect.Method.invoke(Unknown Source)
at org.testng.internal.MethodInvocationHelper.invokeMethod(MethodInvocationHelper.java:124)
at org.testng.internal.Invoker.invokeMethod(Invoker.java:580)
at org.testng.internal.Invoker.invokeTestMethod(Invoker.java:716)
at org.testng.internal.Invoker.invokeTestMethods(Invoker.java:988)
at org.testng.internal.TestMethodWorker.invokeTestMethods(TestMethodWorker.java:125)
at org.testng.internal.TestMethodWorker.run(TestMethodWorker.java:109)
at org.testng.TestRunner.privateRun(TestRunner.java:648)
at org.testng.TestRunner.run(TestRunner.java:505)
at org.testng.SuiteRunner.runTest(SuiteRunner.java:455)
at org.testng.SuiteRunner.runSequentially(SuiteRunner.java:450)
at org.testng.SuiteRunner.privateRun(SuiteRunner.java:415)
at org.testng.SuiteRunner.run(SuiteRunner.java:364)
at org.testng.SuiteRunnerWorker.runSuite(SuiteRunnerWorker.java:52)
at org.testng.SuiteRunnerWorker.run(SuiteRunnerWorker.java:84)
at org.testng.TestNG.runSuitesSequentially(TestNG.java:1208)
at org.testng.TestNG.runSuitesLocally(TestNG.java:1137)
at org.testng.TestNG.runSuites(TestNG.java:1049)
at org.testng.TestNG.run(TestNG.java:1017)
at org.testng.remote.AbstractRemoteTestNG.run(AbstractRemoteTestNG.java:114)
at org.testng.remote.RemoteTestNG.initAndRun(RemoteTestNG.java:251)
at org.testng.remote.RemoteTestNG.main(RemoteTestNG.java:77)
]]>
            </full-stacktrace>
          </exception> <!-- java.lang.AssertionError -->
          <reporter-output>
          </reporter-output>
        </test-method> <!-- demoTest -->
        <test-method status="PASS" signature="demoAft()[pri:0, instance:driver.DriverDemo@4f063c0a]" name="demoAft" is-config="true" duration-ms="165" started-at="2019-11-10T12:23:35Z" finished-at="2019-11-10T12:23:35Z">
          <reporter-output>
          </reporter-output>
        </test-method> <!-- demoAft -->
      </class> <!-- driver.DriverDemo -->
    </test> <!-- Booking Tickets -->
  </suite> <!-- New Tours -->
</testng-results>
